<?xml version="1.0" encoding="UTF-8"?>
<!-- Generated by org.testng.reporters.JUnitXMLReporter -->
<testsuite hostname="MIBLR-LP0015" ignored="0" name="capproPend1" tests="4" failures="1" timestamp="2021-03-26T19:45:27 IST" time="254.483" errors="0">
  <testcase name="SaveValiForApporvedStatusFromCAPProPendNegTC" time="76.231" classname="com.adjudication.test.viewclaims.capprofessional.pend.ViewClaimsFromCAPProApproved"/>
  <testcase name="SaveValiForDenyStatusFromCAPProPendNegTC" time="31.984" classname="com.adjudication.test.viewclaims.capprofessional.pend.ViewClaimsFromCAPProApproved">
    <failure type="java.lang.AssertionError" message="Value is not present in drop down">
      <![CDATA[java.lang.AssertionError: Value is not present in drop down
at com.adjudication.test.viewclaims.capprofessional.pend.ViewClaimsFromCAPProApproved.SaveValiForDenyStatusFromCAPProPendNegTC(ViewClaimsFromCAPProApproved.java:147)
at java.util.ArrayList.forEach(ArrayList.java:1259)
at java.util.concurrent.FutureTask.run(FutureTask.java:266)
at java.util.concurrent.ThreadPoolExecutor.runWorker(ThreadPoolExecutor.java:1149)
at java.util.concurrent.ThreadPoolExecutor$Worker.run(ThreadPoolExecutor.java:624)
at java.lang.Thread.run(Thread.java:748)
... Removed 19 stack frames]]>
    </failure>
  </testcase> <!-- SaveValiForDenyStatusFromCAPProPendNegTC -->
  <testcase name="moveToDenyFromCAPProPendNegTC" time="38.698" classname="com.adjudication.test.viewclaims.capprofessional.pend.ViewClaimsFromCAPProApproved"/>
  <testcase name="moveToApproveFromCAPProPendNegTC" time="45.687" classname="com.adjudication.test.viewclaims.capprofessional.pend.ViewClaimsFromCAPProApproved"/>
</testsuite> <!-- capproPend1 -->
