<?xml version="1.0" encoding="UTF-8"?>
<!-- Generated by org.testng.reporters.JUnitXMLReporter -->
<testsuite hostname="MIBLR-LP0015" ignored="0" name="FFSInsti" tests="5" failures="3" timestamp="2021-03-18T11:36:55 IST" time="427.357" errors="0">
  <testcase name="SaveValiForApporvedStatusFromFFSInstiPendNegTC" time="37.544" classname="com.adjudication.test.viewclaims.ffsinstitutional.pend.ViewClaimsFromFFSInstiPend"/>
  <testcase name="SaveValiForDenyStatusFromFFSInstiPendNegTC" time="35.203" classname="com.adjudication.test.viewclaims.ffsinstitutional.pend.ViewClaimsFromFFSInstiPend">
    <failure type="java.lang.AssertionError" message="expected [true] but found [false]">
      <![CDATA[java.lang.AssertionError: expected [true] but found [false]
at com.adjudication.test.viewclaims.ffsinstitutional.pend.ViewClaimsFromFFSInstiPend.SaveValiForDenyStatusFromFFSInstiPendNegTC(ViewClaimsFromFFSInstiPend.java:135)
at java.util.ArrayList.forEach(ArrayList.java:1259)
at java.util.concurrent.FutureTask.run(FutureTask.java:266)
at java.util.concurrent.ThreadPoolExecutor.runWorker(ThreadPoolExecutor.java:1149)
at java.util.concurrent.ThreadPoolExecutor$Worker.run(ThreadPoolExecutor.java:624)
at java.lang.Thread.run(Thread.java:748)
... Removed 22 stack frames]]>
    </failure>
  </testcase> <!-- SaveValiForDenyStatusFromFFSInstiPendNegTC -->
  <testcase name="SaveValiForApporvedStatusFromFFSInstiPendPositiveTC" time="162.606" classname="com.adjudication.test.viewclaims.ffsinstitutional.pend.ViewClaimsFromFFSInstiPend">
    <failure type="java.lang.AssertionError" message="Expected condition failed: waiting for invisibility of [[ChromeDriver: chrome on WINDOWS (8ad9dddd81be99fdd453e0958a0a1be6)] -&amp;gt; xpath: //div[@id=&amp;apos;loadingSample&amp;apos;]] (tried for 120 second(s) with 500 milliseconds interval)
Build info: version: &amp;apos;3.141.59&amp;apos;, revision: &amp;apos;e82be7d358&amp;apos;, time: &amp;apos;2018-11-14T08:17:03&amp;apos;
System info: host: &amp;apos;MIBLR-LP0015&amp;apos;, ip: &amp;apos;10.212.134.152&amp;apos;, os.name: &amp;apos;Windows 10&amp;apos;, os.arch: &amp;apos;amd64&amp;apos;, os.version: &amp;apos;10.0&amp;apos;, java.version: &amp;apos;1.8.0_281&amp;apos;
Driver info: org.openqa.selenium.chrome.ChromeDriver
Capabilities {acceptInsecureCerts: false, browserName: chrome, browserVersion: 89.0.4389.90, chrome: {chromedriverVersion: 89.0.4389.23 (61b08ee2c5002..., userDataDir: C:\Users\Saritha\AppData\Lo...}, goog:chromeOptions: {debuggerAddress: localhost:59373}, javascriptEnabled: true, networkConnectionEnabled: false, pageLoadStrategy: normal, platform: WINDOWS, platformName: WINDOWS, proxy: Proxy(), setWindowRect: true, strictFileInteractability: false, timeouts: {implicit: 0, pageLoad: 300000, script: 30000}, unhandledPromptBehavior: dismiss and notify, webauthn:extension:largeBlob: true, webauthn:virtualAuthenticators: true}
Session ID: 8ad9dddd81be99fdd453e0958a0a1be6">
      <![CDATA[java.lang.AssertionError: Expected condition failed: waiting for invisibility of [[ChromeDriver: chrome on WINDOWS (8ad9dddd81be99fdd453e0958a0a1be6)] -> xpath: //div[@id='loadingSample']] (tried for 120 second(s) with 500 milliseconds interval)
Build info: version: '3.141.59', revision: 'e82be7d358', time: '2018-11-14T08:17:03'
System info: host: 'MIBLR-LP0015', ip: '10.212.134.152', os.name: 'Windows 10', os.arch: 'amd64', os.version: '10.0', java.version: '1.8.0_281'
Driver info: org.openqa.selenium.chrome.ChromeDriver
Capabilities {acceptInsecureCerts: false, browserName: chrome, browserVersion: 89.0.4389.90, chrome: {chromedriverVersion: 89.0.4389.23 (61b08ee2c5002..., userDataDir: C:\Users\Saritha\AppData\Lo...}, goog:chromeOptions: {debuggerAddress: localhost:59373}, javascriptEnabled: true, networkConnectionEnabled: false, pageLoadStrategy: normal, platform: WINDOWS, platformName: WINDOWS, proxy: Proxy(), setWindowRect: true, strictFileInteractability: false, timeouts: {implicit: 0, pageLoad: 300000, script: 30000}, unhandledPromptBehavior: dismiss and notify, webauthn:extension:largeBlob: true, webauthn:virtualAuthenticators: true}
Session ID: 8ad9dddd81be99fdd453e0958a0a1be6
at com.adjudication.test.viewclaims.ffsinstitutional.pend.ViewClaimsFromFFSInstiPend.SaveValiForApporvedStatusFromFFSInstiPendPositiveTC(ViewClaimsFromFFSInstiPend.java:163)
at java.util.ArrayList.forEach(ArrayList.java:1259)
at java.util.concurrent.FutureTask.run(FutureTask.java:266)
at java.util.concurrent.ThreadPoolExecutor.runWorker(ThreadPoolExecutor.java:1149)
at java.util.concurrent.ThreadPoolExecutor$Worker.run(ThreadPoolExecutor.java:624)
at java.lang.Thread.run(Thread.java:748)
... Removed 19 stack frames]]>
    </failure>
  </testcase> <!-- SaveValiForApporvedStatusFromFFSInstiPendPositiveTC -->
  <testcase name="moveToDenyFromFFSInstiPendNegTC" time="20.662" classname="com.adjudication.test.viewclaims.ffsinstitutional.pend.ViewClaimsFromFFSInstiPend"/>
  <testcase name="moveToDenyFromFFSInstiPendPositiveTC" time="139.071" classname="com.adjudication.test.viewclaims.ffsinstitutional.pend.ViewClaimsFromFFSInstiPend">
    <failure type="java.lang.AssertionError" message="Expected condition failed: waiting for visibility of Proxy element for: DefaultElementLocator &amp;apos;By.xpath: //div[@class=&amp;apos;alert ui-pnotify-container alert-success ui-pnotify-shadow&amp;apos;]/h4&amp;apos; (tried for 120 second(s) with 500 milliseconds interval)">
      <![CDATA[java.lang.AssertionError: Expected condition failed: waiting for visibility of Proxy element for: DefaultElementLocator 'By.xpath: //div[@class='alert ui-pnotify-container alert-success ui-pnotify-shadow']/h4' (tried for 120 second(s) with 500 milliseconds interval)
at com.adjudication.test.viewclaims.ffsinstitutional.pend.ViewClaimsFromFFSInstiPend.moveToDenyFromFFSInstiPendPositiveTC(ViewClaimsFromFFSInstiPend.java:212)
at java.util.ArrayList.forEach(ArrayList.java:1259)
at java.util.concurrent.FutureTask.run(FutureTask.java:266)
at java.util.concurrent.ThreadPoolExecutor.runWorker(ThreadPoolExecutor.java:1149)
at java.util.concurrent.ThreadPoolExecutor$Worker.run(ThreadPoolExecutor.java:624)
at java.lang.Thread.run(Thread.java:748)
... Removed 19 stack frames]]>
    </failure>
  </testcase> <!-- moveToDenyFromFFSInstiPendPositiveTC -->
</testsuite> <!-- FFSInsti -->
