<html>
<head>
<title>TestNG:  FFSInstiBatchTopaySingedOFF</title>
<link href="../testng.css" rel="stylesheet" type="text/css" />
<link href="../my-testng.css" rel="stylesheet" type="text/css" />

<style type="text/css">
.log { display: none;} 
.stack-trace { display: none;} 
</style>
<script type="text/javascript">
<!--
function flip(e) {
  current = e.style.display;
  if (current == 'block') {
    e.style.display = 'none';
    return 0;
  }
  else {
    e.style.display = 'block';
    return 1;
  }
}

function toggleBox(szDivId, elem, msg1, msg2)
{
  var res = -1;  if (document.getElementById) {
    res = flip(document.getElementById(szDivId));
  }
  else if (document.all) {
    // this is the way old msie versions work
    res = flip(document.all[szDivId]);
  }
  if(elem) {
    if(res == 0) elem.innerHTML = msg1; else elem.innerHTML = msg2;
  }

}

function toggleAllBoxes() {
  if (document.getElementsByTagName) {
    d = document.getElementsByTagName('div');
    for (i = 0; i < d.length; i++) {
      if (d[i].className == 'log') {
        flip(d[i]);
      }
    }
  }
}

// -->
</script>

</head>
<body>
<h2 align='center'>FFSInstiBatchTopaySingedOFF</h2><table border='1' align="center">
<tr>
<td>Tests passed/Failed/Skipped:</td><td>1/7/0</td>
</tr><tr>
<td>Started on:</td><td>Thu Apr 15 23:02:42 IST 2021</td>
</tr>
<tr><td>Total time:</td><td>194 seconds (194076 ms)</td>
</tr><tr>
<td>Included groups:</td><td></td>
</tr><tr>
<td>Excluded groups:</td><td></td>
</tr>
</table><p/>
<small><i>(Hover the method name to see the test class name)</i></small><p/>
<table width='100%' border='1' class='invocation-failed'>
<tr><td colspan='4' align='center'><b>FAILED TESTS</b></td></tr>
<tr><td><b>Test method</b></td>
<td width="30%"><b>Exception</b></td>
<td width="10%"><b>Time (seconds)</b></td>
<td><b>Instance</b></td>
</tr>
<tr>
<td title='com.adjudication.test.viewclaims.ffsprofessional.prebatch.PreBatchToPayFromFFSPro.movePrebatchToPay()'><b>movePrebatchToPay</b><br>Test class: com.adjudication.test.viewclaims.ffsprofessional.prebatch.PreBatchToPayFromFFSPro</td>
<td><div><pre>java.lang.AssertionError: no such element: Unable to locate element: {&quot;method&quot;:&quot;xpath&quot;,&quot;selector&quot;:&quot;(//table[@id=&apos;FFSApprovedQueTable&apos;])[1]/tbody/tr[1]/td/div/input&quot;}
  (Session info: chrome=90.0.4430.72)
For documentation on this error, please visit: https://www.seleniumhq.org/exceptions/no_such_element.html
Build info: version: &apos;3.141.59&apos;, revision: &apos;e82be7d358&apos;, time: &apos;2018-11-14T08:17:03&apos;
System info: host: &apos;MIBLR-LP0015&apos;, ip: &apos;10.212.134.170&apos;, os.name: &apos;Windows 10&apos;, os.arch: &apos;amd64&apos;, os.version: &apos;10.0&apos;, java.version: &apos;1.8.0_281&apos;
Driver info: org.openqa.selenium.chrome.ChromeDriver
Capabilities {acceptInsecureCerts: false, browserName: chrome, browserVersion: 90.0.4430.72, chrome: {chromedriverVersion: 90.0.4430.24 (4c6d850f087da..., userDataDir: C:\Users\Saritha\AppData\Lo...}, goog:chromeOptions: {debuggerAddress: localhost:60687}, javascriptEnabled: true, networkConnectionEnabled: false, pageLoadStrategy: normal, platform: WINDOWS, platformName: WINDOWS, proxy: Proxy(), setWindowRect: true, strictFileInteractability: false, timeouts: {implicit: 0, pageLoad: 300000, script: 30000}, unhandledPromptBehavior: dismiss and notify, webauthn:extension:largeBlob: true, webauthn:virtualAuthenticators: true}
Session ID: 2f551293dbce8e514db91b7a7128c3cc
*** Element info: {Using=xpath, value=(//table[@id=&apos;FFSApprovedQueTable&apos;])[1]/tbody/tr[1]/td/div/input}
	at com.adjudication.test.viewclaims.ffsprofessional.prebatch.PreBatchToPayFromFFSPro.movePrebatchToPay(PreBatchToPayFromFFSPro.java:111)
	at java.util.concurrent.ThreadPoolExecutor.runWorker(ThreadPoolExecutor.java:1149)
	at java.util.concurrent.ThreadPoolExecutor$Worker.run(ThreadPoolExecutor.java:624)
	at java.lang.Thread.run(Thread.java:748)
... Removed 13 stack frames</pre></div><a href='#' onClick='toggleBox("stack-trace97089550", this, "Click to show all stack frames", "Click to hide stack frames")'>Click to show all stack frames</a>
<div class='stack-trace' id='stack-trace97089550'><pre>java.lang.AssertionError: no such element: Unable to locate element: {&quot;method&quot;:&quot;xpath&quot;,&quot;selector&quot;:&quot;(//table[@id=&apos;FFSApprovedQueTable&apos;])[1]/tbody/tr[1]/td/div/input&quot;}
  (Session info: chrome=90.0.4430.72)
For documentation on this error, please visit: https://www.seleniumhq.org/exceptions/no_such_element.html
Build info: version: &apos;3.141.59&apos;, revision: &apos;e82be7d358&apos;, time: &apos;2018-11-14T08:17:03&apos;
System info: host: &apos;MIBLR-LP0015&apos;, ip: &apos;10.212.134.170&apos;, os.name: &apos;Windows 10&apos;, os.arch: &apos;amd64&apos;, os.version: &apos;10.0&apos;, java.version: &apos;1.8.0_281&apos;
Driver info: org.openqa.selenium.chrome.ChromeDriver
Capabilities {acceptInsecureCerts: false, browserName: chrome, browserVersion: 90.0.4430.72, chrome: {chromedriverVersion: 90.0.4430.24 (4c6d850f087da..., userDataDir: C:\Users\Saritha\AppData\Lo...}, goog:chromeOptions: {debuggerAddress: localhost:60687}, javascriptEnabled: true, networkConnectionEnabled: false, pageLoadStrategy: normal, platform: WINDOWS, platformName: WINDOWS, proxy: Proxy(), setWindowRect: true, strictFileInteractability: false, timeouts: {implicit: 0, pageLoad: 300000, script: 30000}, unhandledPromptBehavior: dismiss and notify, webauthn:extension:largeBlob: true, webauthn:virtualAuthenticators: true}
Session ID: 2f551293dbce8e514db91b7a7128c3cc
*** Element info: {Using=xpath, value=(//table[@id=&apos;FFSApprovedQueTable&apos;])[1]/tbody/tr[1]/td/div/input}
	at org.testng.Assert.fail(Assert.java:99)
	at com.adjudication.test.viewclaims.ffsprofessional.prebatch.PreBatchToPayFromFFSPro.movePrebatchToPay(PreBatchToPayFromFFSPro.java:111)
	at sun.reflect.NativeMethodAccessorImpl.invoke0(Native Method)
	at sun.reflect.NativeMethodAccessorImpl.invoke(NativeMethodAccessorImpl.java:62)
	at sun.reflect.DelegatingMethodAccessorImpl.invoke(DelegatingMethodAccessorImpl.java:43)
	at java.lang.reflect.Method.invoke(Method.java:498)
	at org.testng.internal.MethodInvocationHelper.invokeMethod(MethodInvocationHelper.java:132)
	at org.testng.internal.TestInvoker.invokeMethod(TestInvoker.java:599)
	at org.testng.internal.TestInvoker.invokeTestMethod(TestInvoker.java:174)
	at org.testng.internal.MethodRunner.runInSequence(MethodRunner.java:46)
	at org.testng.internal.TestInvoker$MethodInvocationAgent.invoke(TestInvoker.java:822)
	at org.testng.internal.TestInvoker.invokeTestMethods(TestInvoker.java:147)
	at org.testng.internal.TestMethodWorker.invokeTestMethods(TestMethodWorker.java:146)
	at org.testng.internal.TestMethodWorker.run(TestMethodWorker.java:128)
	at java.util.concurrent.ThreadPoolExecutor.runWorker(ThreadPoolExecutor.java:1149)
	at java.util.concurrent.ThreadPoolExecutor$Worker.run(ThreadPoolExecutor.java:624)
	at java.lang.Thread.run(Thread.java:748)
</pre></div></td>
<td>27</td>
<td>com.adjudication.test.viewclaims.ffsprofessional.prebatch.PreBatchToPayFromFFSPro@6a1aab78</td></tr>
<tr>
<td title='com.adjudication.test.viewclaims.ffsprofessional.prebatch.PreBatchToApprovedFromFFSPro.moveToApprovedFromPrebatchNegTC()'><b>moveToApprovedFromPrebatchNegTC</b><br>Test class: com.adjudication.test.viewclaims.ffsprofessional.prebatch.PreBatchToApprovedFromFFSPro</td>
<td><div><pre>java.lang.AssertionError: Expected condition failed: waiting for visibility of Proxy element for: DefaultElementLocator &apos;by id or name &quot;viewIcon&quot;&apos; (tried for 60 second(s) with 500 milliseconds interval)
	at com.adjudication.test.viewclaims.ffsprofessional.prebatch.PreBatchToApprovedFromFFSPro.moveToApprovedFromPrebatchNegTC(PreBatchToApprovedFromFFSPro.java:99)
	at java.util.concurrent.ThreadPoolExecutor.runWorker(ThreadPoolExecutor.java:1149)
	at java.util.concurrent.ThreadPoolExecutor$Worker.run(ThreadPoolExecutor.java:624)
	at java.lang.Thread.run(Thread.java:748)
... Removed 13 stack frames</pre></div><a href='#' onClick='toggleBox("stack-trace787194818", this, "Click to show all stack frames", "Click to hide stack frames")'>Click to show all stack frames</a>
<div class='stack-trace' id='stack-trace787194818'><pre>java.lang.AssertionError: Expected condition failed: waiting for visibility of Proxy element for: DefaultElementLocator &apos;by id or name &quot;viewIcon&quot;&apos; (tried for 60 second(s) with 500 milliseconds interval)
	at org.testng.Assert.fail(Assert.java:99)
	at com.adjudication.test.viewclaims.ffsprofessional.prebatch.PreBatchToApprovedFromFFSPro.moveToApprovedFromPrebatchNegTC(PreBatchToApprovedFromFFSPro.java:99)
	at sun.reflect.NativeMethodAccessorImpl.invoke0(Native Method)
	at sun.reflect.NativeMethodAccessorImpl.invoke(NativeMethodAccessorImpl.java:62)
	at sun.reflect.DelegatingMethodAccessorImpl.invoke(DelegatingMethodAccessorImpl.java:43)
	at java.lang.reflect.Method.invoke(Method.java:498)
	at org.testng.internal.MethodInvocationHelper.invokeMethod(MethodInvocationHelper.java:132)
	at org.testng.internal.TestInvoker.invokeMethod(TestInvoker.java:599)
	at org.testng.internal.TestInvoker.invokeTestMethod(TestInvoker.java:174)
	at org.testng.internal.MethodRunner.runInSequence(MethodRunner.java:46)
	at org.testng.internal.TestInvoker$MethodInvocationAgent.invoke(TestInvoker.java:822)
	at org.testng.internal.TestInvoker.invokeTestMethods(TestInvoker.java:147)
	at org.testng.internal.TestMethodWorker.invokeTestMethods(TestMethodWorker.java:146)
	at org.testng.internal.TestMethodWorker.run(TestMethodWorker.java:128)
	at java.util.concurrent.ThreadPoolExecutor.runWorker(ThreadPoolExecutor.java:1149)
	at java.util.concurrent.ThreadPoolExecutor$Worker.run(ThreadPoolExecutor.java:624)
	at java.lang.Thread.run(Thread.java:748)
</pre></div></td>
<td>89</td>
<td>com.adjudication.test.viewclaims.ffsprofessional.prebatch.PreBatchToApprovedFromFFSPro@4a87761d</td></tr>
<tr>
<td title='com.adjudication.test.viewclaims.ffsprofessional.prebatch.PreBatchToPendFromFFSPro.moveToApprovedFromPrebatchPositiveTC()'><b>moveToApprovedFromPrebatchPositiveTC</b><br>Test class: com.adjudication.test.viewclaims.ffsprofessional.prebatch.PreBatchToPendFromFFSPro</td>
<td><div><pre>java.lang.AssertionError: stale element reference: element is not attached to the page document
  (Session info: chrome=90.0.4430.72)
For documentation on this error, please visit: https://www.seleniumhq.org/exceptions/stale_element_reference.html
Build info: version: &apos;3.141.59&apos;, revision: &apos;e82be7d358&apos;, time: &apos;2018-11-14T08:17:03&apos;
System info: host: &apos;MIBLR-LP0015&apos;, ip: &apos;10.212.134.170&apos;, os.name: &apos;Windows 10&apos;, os.arch: &apos;amd64&apos;, os.version: &apos;10.0&apos;, java.version: &apos;1.8.0_281&apos;
Driver info: org.openqa.selenium.chrome.ChromeDriver
Capabilities {acceptInsecureCerts: false, browserName: chrome, browserVersion: 90.0.4430.72, chrome: {chromedriverVersion: 90.0.4430.24 (4c6d850f087da..., userDataDir: C:\Users\Saritha\AppData\Lo...}, goog:chromeOptions: {debuggerAddress: localhost:60884}, javascriptEnabled: true, networkConnectionEnabled: false, pageLoadStrategy: normal, platform: WINDOWS, platformName: WINDOWS, proxy: Proxy(), setWindowRect: true, strictFileInteractability: false, timeouts: {implicit: 0, pageLoad: 300000, script: 30000}, unhandledPromptBehavior: dismiss and notify, webauthn:extension:largeBlob: true, webauthn:virtualAuthenticators: true}
Session ID: 0cf591a71d611457cf5bd105525a9330
	at com.adjudication.test.viewclaims.ffsprofessional.prebatch.PreBatchToPendFromFFSPro.moveToApprovedFromPrebatchPositiveTC(PreBatchToPendFromFFSPro.java:106)
	at java.util.concurrent.ThreadPoolExecutor.runWorker(ThreadPoolExecutor.java:1149)
	at java.util.concurrent.ThreadPoolExecutor$Worker.run(ThreadPoolExecutor.java:624)
	at java.lang.Thread.run(Thread.java:748)
... Removed 13 stack frames</pre></div><a href='#' onClick='toggleBox("stack-trace1570112811", this, "Click to show all stack frames", "Click to hide stack frames")'>Click to show all stack frames</a>
<div class='stack-trace' id='stack-trace1570112811'><pre>java.lang.AssertionError: stale element reference: element is not attached to the page document
  (Session info: chrome=90.0.4430.72)
For documentation on this error, please visit: https://www.seleniumhq.org/exceptions/stale_element_reference.html
Build info: version: &apos;3.141.59&apos;, revision: &apos;e82be7d358&apos;, time: &apos;2018-11-14T08:17:03&apos;
System info: host: &apos;MIBLR-LP0015&apos;, ip: &apos;10.212.134.170&apos;, os.name: &apos;Windows 10&apos;, os.arch: &apos;amd64&apos;, os.version: &apos;10.0&apos;, java.version: &apos;1.8.0_281&apos;
Driver info: org.openqa.selenium.chrome.ChromeDriver
Capabilities {acceptInsecureCerts: false, browserName: chrome, browserVersion: 90.0.4430.72, chrome: {chromedriverVersion: 90.0.4430.24 (4c6d850f087da..., userDataDir: C:\Users\Saritha\AppData\Lo...}, goog:chromeOptions: {debuggerAddress: localhost:60884}, javascriptEnabled: true, networkConnectionEnabled: false, pageLoadStrategy: normal, platform: WINDOWS, platformName: WINDOWS, proxy: Proxy(), setWindowRect: true, strictFileInteractability: false, timeouts: {implicit: 0, pageLoad: 300000, script: 30000}, unhandledPromptBehavior: dismiss and notify, webauthn:extension:largeBlob: true, webauthn:virtualAuthenticators: true}
Session ID: 0cf591a71d611457cf5bd105525a9330
	at org.testng.Assert.fail(Assert.java:99)
	at com.adjudication.test.viewclaims.ffsprofessional.prebatch.PreBatchToPendFromFFSPro.moveToApprovedFromPrebatchPositiveTC(PreBatchToPendFromFFSPro.java:106)
	at sun.reflect.NativeMethodAccessorImpl.invoke0(Native Method)
	at sun.reflect.NativeMethodAccessorImpl.invoke(NativeMethodAccessorImpl.java:62)
	at sun.reflect.DelegatingMethodAccessorImpl.invoke(DelegatingMethodAccessorImpl.java:43)
	at java.lang.reflect.Method.invoke(Method.java:498)
	at org.testng.internal.MethodInvocationHelper.invokeMethod(MethodInvocationHelper.java:132)
	at org.testng.internal.TestInvoker.invokeMethod(TestInvoker.java:599)
	at org.testng.internal.TestInvoker.invokeTestMethod(TestInvoker.java:174)
	at org.testng.internal.MethodRunner.runInSequence(MethodRunner.java:46)
	at org.testng.internal.TestInvoker$MethodInvocationAgent.invoke(TestInvoker.java:822)
	at org.testng.internal.TestInvoker.invokeTestMethods(TestInvoker.java:147)
	at org.testng.internal.TestMethodWorker.invokeTestMethods(TestMethodWorker.java:146)
	at org.testng.internal.TestMethodWorker.run(TestMethodWorker.java:128)
	at java.util.concurrent.ThreadPoolExecutor.runWorker(ThreadPoolExecutor.java:1149)
	at java.util.concurrent.ThreadPoolExecutor$Worker.run(ThreadPoolExecutor.java:624)
	at java.lang.Thread.run(Thread.java:748)
</pre></div></td>
<td>15</td>
<td>com.adjudication.test.viewclaims.ffsprofessional.prebatch.PreBatchToPendFromFFSPro@66d1af89</td></tr>
<tr>
<td title='com.adjudication.test.viewclaims.ffsprofessional.prebatch.PreBatchToMgmtReviewFromFFSPro.moveToApprovedFromPrebatchPositiveTC()'><b>moveToApprovedFromPrebatchPositiveTC</b><br>Test class: com.adjudication.test.viewclaims.ffsprofessional.prebatch.PreBatchToMgmtReviewFromFFSPro</td>
<td><div><pre>java.lang.AssertionError: Expected condition failed: waiting for visibility of Proxy element for: DefaultElementLocator &apos;by id or name &quot;viewIcon&quot;&apos; (tried for 60 second(s) with 500 milliseconds interval)
	at com.adjudication.test.viewclaims.ffsprofessional.prebatch.PreBatchToMgmtReviewFromFFSPro.moveToApprovedFromPrebatchPositiveTC(PreBatchToMgmtReviewFromFFSPro.java:106)
	at java.util.concurrent.ThreadPoolExecutor.runWorker(ThreadPoolExecutor.java:1149)
	at java.util.concurrent.ThreadPoolExecutor$Worker.run(ThreadPoolExecutor.java:624)
	at java.lang.Thread.run(Thread.java:748)
... Removed 13 stack frames</pre></div><a href='#' onClick='toggleBox("stack-trace1573176965", this, "Click to show all stack frames", "Click to hide stack frames")'>Click to show all stack frames</a>
<div class='stack-trace' id='stack-trace1573176965'><pre>java.lang.AssertionError: Expected condition failed: waiting for visibility of Proxy element for: DefaultElementLocator &apos;by id or name &quot;viewIcon&quot;&apos; (tried for 60 second(s) with 500 milliseconds interval)
	at org.testng.Assert.fail(Assert.java:99)
	at com.adjudication.test.viewclaims.ffsprofessional.prebatch.PreBatchToMgmtReviewFromFFSPro.moveToApprovedFromPrebatchPositiveTC(PreBatchToMgmtReviewFromFFSPro.java:106)
	at sun.reflect.NativeMethodAccessorImpl.invoke0(Native Method)
	at sun.reflect.NativeMethodAccessorImpl.invoke(NativeMethodAccessorImpl.java:62)
	at sun.reflect.DelegatingMethodAccessorImpl.invoke(DelegatingMethodAccessorImpl.java:43)
	at java.lang.reflect.Method.invoke(Method.java:498)
	at org.testng.internal.MethodInvocationHelper.invokeMethod(MethodInvocationHelper.java:132)
	at org.testng.internal.TestInvoker.invokeMethod(TestInvoker.java:599)
	at org.testng.internal.TestInvoker.invokeTestMethod(TestInvoker.java:174)
	at org.testng.internal.MethodRunner.runInSequence(MethodRunner.java:46)
	at org.testng.internal.TestInvoker$MethodInvocationAgent.invoke(TestInvoker.java:822)
	at org.testng.internal.TestInvoker.invokeTestMethods(TestInvoker.java:147)
	at org.testng.internal.TestMethodWorker.invokeTestMethods(TestMethodWorker.java:146)
	at org.testng.internal.TestMethodWorker.run(TestMethodWorker.java:128)
	at java.util.concurrent.ThreadPoolExecutor.runWorker(ThreadPoolExecutor.java:1149)
	at java.util.concurrent.ThreadPoolExecutor$Worker.run(ThreadPoolExecutor.java:624)
	at java.lang.Thread.run(Thread.java:748)
</pre></div></td>
<td>89</td>
<td>com.adjudication.test.viewclaims.ffsprofessional.prebatch.PreBatchToMgmtReviewFromFFSPro@69b0fd6f</td></tr>
<tr>
<td title='com.adjudication.test.viewclaims.ffsprofessional.prebatch.PreBatchToPayerReviewFromFFSPro.moveToApprovedFromPrebatchPositiveTC()'><b>moveToApprovedFromPrebatchPositiveTC</b><br>Test class: com.adjudication.test.viewclaims.ffsprofessional.prebatch.PreBatchToPayerReviewFromFFSPro</td>
<td><div><pre>java.lang.AssertionError: Expected condition failed: waiting for visibility of Proxy element for: DefaultElementLocator &apos;by id or name &quot;viewIcon&quot;&apos; (tried for 60 second(s) with 500 milliseconds interval)
	at com.adjudication.test.viewclaims.ffsprofessional.prebatch.PreBatchToPayerReviewFromFFSPro.moveToApprovedFromPrebatchPositiveTC(PreBatchToPayerReviewFromFFSPro.java:106)
	at java.util.concurrent.ThreadPoolExecutor.runWorker(ThreadPoolExecutor.java:1149)
	at java.util.concurrent.ThreadPoolExecutor$Worker.run(ThreadPoolExecutor.java:624)
	at java.lang.Thread.run(Thread.java:748)
... Removed 13 stack frames</pre></div><a href='#' onClick='toggleBox("stack-trace2059897799", this, "Click to show all stack frames", "Click to hide stack frames")'>Click to show all stack frames</a>
<div class='stack-trace' id='stack-trace2059897799'><pre>java.lang.AssertionError: Expected condition failed: waiting for visibility of Proxy element for: DefaultElementLocator &apos;by id or name &quot;viewIcon&quot;&apos; (tried for 60 second(s) with 500 milliseconds interval)
	at org.testng.Assert.fail(Assert.java:99)
	at com.adjudication.test.viewclaims.ffsprofessional.prebatch.PreBatchToPayerReviewFromFFSPro.moveToApprovedFromPrebatchPositiveTC(PreBatchToPayerReviewFromFFSPro.java:106)
	at sun.reflect.NativeMethodAccessorImpl.invoke0(Native Method)
	at sun.reflect.NativeMethodAccessorImpl.invoke(NativeMethodAccessorImpl.java:62)
	at sun.reflect.DelegatingMethodAccessorImpl.invoke(DelegatingMethodAccessorImpl.java:43)
	at java.lang.reflect.Method.invoke(Method.java:498)
	at org.testng.internal.MethodInvocationHelper.invokeMethod(MethodInvocationHelper.java:132)
	at org.testng.internal.TestInvoker.invokeMethod(TestInvoker.java:599)
	at org.testng.internal.TestInvoker.invokeTestMethod(TestInvoker.java:174)
	at org.testng.internal.MethodRunner.runInSequence(MethodRunner.java:46)
	at org.testng.internal.TestInvoker$MethodInvocationAgent.invoke(TestInvoker.java:822)
	at org.testng.internal.TestInvoker.invokeTestMethods(TestInvoker.java:147)
	at org.testng.internal.TestMethodWorker.invokeTestMethods(TestMethodWorker.java:146)
	at org.testng.internal.TestMethodWorker.run(TestMethodWorker.java:128)
	at java.util.concurrent.ThreadPoolExecutor.runWorker(ThreadPoolExecutor.java:1149)
	at java.util.concurrent.ThreadPoolExecutor$Worker.run(ThreadPoolExecutor.java:624)
	at java.lang.Thread.run(Thread.java:748)
</pre></div></td>
<td>89</td>
<td>com.adjudication.test.viewclaims.ffsprofessional.prebatch.PreBatchToPayerReviewFromFFSPro@462d5aee</td></tr>
<tr>
<td title='com.adjudication.test.viewclaims.ffsprofessional.prebatch.PreBatchToApprovedFromFFSPro.moveToApprovedFromPrebatchPositiveTC()'><b>moveToApprovedFromPrebatchPositiveTC</b><br>Test class: com.adjudication.test.viewclaims.ffsprofessional.prebatch.PreBatchToApprovedFromFFSPro</td>
<td><div><pre>java.lang.AssertionError: Expected condition failed: waiting for visibility of Proxy element for: DefaultElementLocator &apos;by id or name &quot;viewIcon&quot;&apos; (tried for 60 second(s) with 500 milliseconds interval)
	at com.adjudication.test.viewclaims.ffsprofessional.prebatch.PreBatchToApprovedFromFFSPro.moveToApprovedFromPrebatchPositiveTC(PreBatchToApprovedFromFFSPro.java:119)
	at java.util.concurrent.ThreadPoolExecutor.runWorker(ThreadPoolExecutor.java:1149)
	at java.util.concurrent.ThreadPoolExecutor$Worker.run(ThreadPoolExecutor.java:624)
	at java.lang.Thread.run(Thread.java:748)
... Removed 13 stack frames</pre></div><a href='#' onClick='toggleBox("stack-trace1036947832", this, "Click to show all stack frames", "Click to hide stack frames")'>Click to show all stack frames</a>
<div class='stack-trace' id='stack-trace1036947832'><pre>java.lang.AssertionError: Expected condition failed: waiting for visibility of Proxy element for: DefaultElementLocator &apos;by id or name &quot;viewIcon&quot;&apos; (tried for 60 second(s) with 500 milliseconds interval)
	at org.testng.Assert.fail(Assert.java:99)
	at com.adjudication.test.viewclaims.ffsprofessional.prebatch.PreBatchToApprovedFromFFSPro.moveToApprovedFromPrebatchPositiveTC(PreBatchToApprovedFromFFSPro.java:119)
	at sun.reflect.NativeMethodAccessorImpl.invoke0(Native Method)
	at sun.reflect.NativeMethodAccessorImpl.invoke(NativeMethodAccessorImpl.java:62)
	at sun.reflect.DelegatingMethodAccessorImpl.invoke(DelegatingMethodAccessorImpl.java:43)
	at java.lang.reflect.Method.invoke(Method.java:498)
	at org.testng.internal.MethodInvocationHelper.invokeMethod(MethodInvocationHelper.java:132)
	at org.testng.internal.TestInvoker.invokeMethod(TestInvoker.java:599)
	at org.testng.internal.TestInvoker.invokeTestMethod(TestInvoker.java:174)
	at org.testng.internal.MethodRunner.runInSequence(MethodRunner.java:46)
	at org.testng.internal.TestInvoker$MethodInvocationAgent.invoke(TestInvoker.java:822)
	at org.testng.internal.TestInvoker.invokeTestMethods(TestInvoker.java:147)
	at org.testng.internal.TestMethodWorker.invokeTestMethods(TestMethodWorker.java:146)
	at org.testng.internal.TestMethodWorker.run(TestMethodWorker.java:128)
	at java.util.concurrent.ThreadPoolExecutor.runWorker(ThreadPoolExecutor.java:1149)
	at java.util.concurrent.ThreadPoolExecutor$Worker.run(ThreadPoolExecutor.java:624)
	at java.lang.Thread.run(Thread.java:748)
</pre></div></td>
<td>75</td>
<td>com.adjudication.test.viewclaims.ffsprofessional.prebatch.PreBatchToApprovedFromFFSPro@4a87761d</td></tr>
<tr>
<td title='com.adjudication.test.viewclaims.ffsprofessional.prebatch.PreBatchToDeniedFromFFSPro.moveToDenyFromPrebatchNegTC()'><b>moveToDenyFromPrebatchNegTC</b><br>Test class: com.adjudication.test.viewclaims.ffsprofessional.prebatch.PreBatchToDeniedFromFFSPro</td>
<td><div><pre>java.lang.AssertionError: Expected condition failed: waiting for presence of element located by: By.xpath: //table[@id=&apos;FFSApprovedQueTable&apos;]/thead/tr[2]/th (tried for 60 second(s) with 500 milliseconds interval)
	at com.adjudication.test.viewclaims.ffsprofessional.prebatch.PreBatchToDeniedFromFFSPro.moveToDenyFromPrebatchNegTC(PreBatchToDeniedFromFFSPro.java:96)
	at java.util.concurrent.ThreadPoolExecutor.runWorker(ThreadPoolExecutor.java:1149)
	at java.util.concurrent.ThreadPoolExecutor$Worker.run(ThreadPoolExecutor.java:624)
	at java.lang.Thread.run(Thread.java:748)
... Removed 13 stack frames</pre></div><a href='#' onClick='toggleBox("stack-trace1987968545", this, "Click to show all stack frames", "Click to hide stack frames")'>Click to show all stack frames</a>
<div class='stack-trace' id='stack-trace1987968545'><pre>java.lang.AssertionError: Expected condition failed: waiting for presence of element located by: By.xpath: //table[@id=&apos;FFSApprovedQueTable&apos;]/thead/tr[2]/th (tried for 60 second(s) with 500 milliseconds interval)
	at org.testng.Assert.fail(Assert.java:99)
	at com.adjudication.test.viewclaims.ffsprofessional.prebatch.PreBatchToDeniedFromFFSPro.moveToDenyFromPrebatchNegTC(PreBatchToDeniedFromFFSPro.java:96)
	at sun.reflect.NativeMethodAccessorImpl.invoke0(Native Method)
	at sun.reflect.NativeMethodAccessorImpl.invoke(NativeMethodAccessorImpl.java:62)
	at sun.reflect.DelegatingMethodAccessorImpl.invoke(DelegatingMethodAccessorImpl.java:43)
	at java.lang.reflect.Method.invoke(Method.java:498)
	at org.testng.internal.MethodInvocationHelper.invokeMethod(MethodInvocationHelper.java:132)
	at org.testng.internal.TestInvoker.invokeMethod(TestInvoker.java:599)
	at org.testng.internal.TestInvoker.invokeTestMethod(TestInvoker.java:174)
	at org.testng.internal.MethodRunner.runInSequence(MethodRunner.java:46)
	at org.testng.internal.TestInvoker$MethodInvocationAgent.invoke(TestInvoker.java:822)
	at org.testng.internal.TestInvoker.invokeTestMethods(TestInvoker.java:147)
	at org.testng.internal.TestMethodWorker.invokeTestMethods(TestMethodWorker.java:146)
	at org.testng.internal.TestMethodWorker.run(TestMethodWorker.java:128)
	at java.util.concurrent.ThreadPoolExecutor.runWorker(ThreadPoolExecutor.java:1149)
	at java.util.concurrent.ThreadPoolExecutor$Worker.run(ThreadPoolExecutor.java:624)
	at java.lang.Thread.run(Thread.java:748)
</pre></div></td>
<td>74</td>
<td>com.adjudication.test.viewclaims.ffsprofessional.prebatch.PreBatchToDeniedFromFFSPro@757942a1</td></tr>
</table><p>
<table width='100%' border='1' class='invocation-passed'>
<tr><td colspan='4' align='center'><b>PASSED TESTS</b></td></tr>
<tr><td><b>Test method</b></td>
<td width="30%"><b>Exception</b></td>
<td width="10%"><b>Time (seconds)</b></td>
<td><b>Instance</b></td>
</tr>
<tr>
<td title='com.adjudication.test.viewclaims.ffsprofessional.prebatch.PreBatchToDeniedFromFFSPro.moveToDenyFromPrebatchPositiveTC()'><b>moveToDenyFromPrebatchPositiveTC</b><br>Test class: com.adjudication.test.viewclaims.ffsprofessional.prebatch.PreBatchToDeniedFromFFSPro</td>
<td></td>
<td>33</td>
<td>com.adjudication.test.viewclaims.ffsprofessional.prebatch.PreBatchToDeniedFromFFSPro@757942a1</td></tr>
</table><p>
</body>
</html>