<?xml version="1.0" encoding="UTF-8"?>
<!-- Generated by org.testng.reporters.JUnitXMLReporter -->
<testsuite hostname="MIBLR-LP0015" ignored="0" name="Management review" tests="1" failures="1" timestamp="2021-03-09T15:00:34 IST" time="143.077" errors="0">
  <testcase name="ffsProMangReviewGridSearchTest" time="135.751" classname="com.adjudication.test.ffsProfessional.FFSProMangReviewGridSearchTest">
    <failure type="java.lang.AssertionError" message="The following asserts failed:
	expected [false] but found [true]">
      <![CDATA[java.lang.AssertionError: The following asserts failed:
expected [false] but found [true]
at com.adjudication.test.ffsProfessional.FFSProMangReviewGridSearchTest.ffsProMangReviewGridSearchTest(FFSProMangReviewGridSearchTest.java:107)
at java.util.ArrayList.forEach(ArrayList.java:1259)
at java.util.concurrent.FutureTask.run(FutureTask.java:266)
at java.util.concurrent.ThreadPoolExecutor.runWorker(ThreadPoolExecutor.java:1149)
at java.util.concurrent.ThreadPoolExecutor$Worker.run(ThreadPoolExecutor.java:624)
at java.lang.Thread.run(Thread.java:748)
... Removed 20 stack frames]]>
    </failure>
  </testcase> <!-- ffsProMangReviewGridSearchTest -->
</testsuite> <!-- Management review -->
