<?xml version="1.0" encoding="UTF-8"?>
<testng-results skipped="0" failed="7" ignored="0" total="8" passed="1">
  <reporter-output>
  </reporter-output>
  <suite name="Smoke Test Suite" duration-ms="194076" started-at="2021-04-15T23:02:42 IST" finished-at="2021-04-15T23:05:56 IST">
    <groups>
      <group name="Regression">
        <method signature="PreBatchToApprovedFromFFSPro.moveToApprovedFromPrebatchNegTC()[pri:1, instance:com.adjudication.test.viewclaims.ffsprofessional.prebatch.PreBatchToApprovedFromFFSPro@4a87761d]" name="moveToApprovedFromPrebatchNegTC" class="com.adjudication.test.viewclaims.ffsprofessional.prebatch.PreBatchToApprovedFromFFSPro"/>
        <method signature="PreBatchToApprovedFromFFSPro.moveToApprovedFromPrebatchPositiveTC()[pri:2, instance:com.adjudication.test.viewclaims.ffsprofessional.prebatch.PreBatchToApprovedFromFFSPro@4a87761d]" name="moveToApprovedFromPrebatchPositiveTC" class="com.adjudication.test.viewclaims.ffsprofessional.prebatch.PreBatchToApprovedFromFFSPro"/>
        <method signature="PreBatchToDeniedFromFFSPro.moveToDenyFromPrebatchNegTC()[pri:1, instance:com.adjudication.test.viewclaims.ffsprofessional.prebatch.PreBatchToDeniedFromFFSPro@757942a1]" name="moveToDenyFromPrebatchNegTC" class="com.adjudication.test.viewclaims.ffsprofessional.prebatch.PreBatchToDeniedFromFFSPro"/>
        <method signature="PreBatchToDeniedFromFFSPro.moveToDenyFromPrebatchPositiveTC()[pri:2, instance:com.adjudication.test.viewclaims.ffsprofessional.prebatch.PreBatchToDeniedFromFFSPro@757942a1]" name="moveToDenyFromPrebatchPositiveTC" class="com.adjudication.test.viewclaims.ffsprofessional.prebatch.PreBatchToDeniedFromFFSPro"/>
        <method signature="PreBatchToMgmtReviewFromFFSPro.moveToApprovedFromPrebatchPositiveTC()[pri:1, instance:com.adjudication.test.viewclaims.ffsprofessional.prebatch.PreBatchToMgmtReviewFromFFSPro@69b0fd6f]" name="moveToApprovedFromPrebatchPositiveTC" class="com.adjudication.test.viewclaims.ffsprofessional.prebatch.PreBatchToMgmtReviewFromFFSPro"/>
        <method signature="PreBatchToPayerReviewFromFFSPro.moveToApprovedFromPrebatchPositiveTC()[pri:1, instance:com.adjudication.test.viewclaims.ffsprofessional.prebatch.PreBatchToPayerReviewFromFFSPro@462d5aee]" name="moveToApprovedFromPrebatchPositiveTC" class="com.adjudication.test.viewclaims.ffsprofessional.prebatch.PreBatchToPayerReviewFromFFSPro"/>
        <method signature="PreBatchToPendFromFFSPro.moveToApprovedFromPrebatchPositiveTC()[pri:1, instance:com.adjudication.test.viewclaims.ffsprofessional.prebatch.PreBatchToPendFromFFSPro@66d1af89]" name="moveToApprovedFromPrebatchPositiveTC" class="com.adjudication.test.viewclaims.ffsprofessional.prebatch.PreBatchToPendFromFFSPro"/>
      </group> <!-- Regression -->
    </groups>
    <test name="FFSInstiBatchTopaySingedOFF" duration-ms="194076" started-at="2021-04-15T23:02:42 IST" finished-at="2021-04-15T23:05:56 IST">
      <class name="com.adjudication.test.viewclaims.ffsprofessional.prebatch.PreBatchToPayFromFFSPro">
        <test-method status="PASS" signature="beforeTest(java.lang.String)[pri:0, instance:com.adjudication.test.viewclaims.ffsprofessional.prebatch.PreBatchToPayFromFFSPro@6a1aab78]" name="beforeTest" is-config="true" duration-ms="12336" started-at="2021-04-15T23:02:42 IST" finished-at="2021-04-15T23:02:54 IST">
          <params>
            <param index="0">
              <value>
                <![CDATA[test]]>
              </value>
            </param>
          </params>
          <reporter-output>
          </reporter-output>
        </test-method> <!-- beforeTest -->
        <test-method status="PASS" signature="setUp()[pri:0, instance:com.adjudication.test.viewclaims.ffsprofessional.prebatch.PreBatchToPayFromFFSPro@6a1aab78]" name="setUp" is-config="true" duration-ms="5975" started-at="2021-04-15T23:02:54 IST" finished-at="2021-04-15T23:03:00 IST">
          <reporter-output>
          </reporter-output>
        </test-method> <!-- setUp -->
        <test-method status="FAIL" signature="movePrebatchToPay()[pri:0, instance:com.adjudication.test.viewclaims.ffsprofessional.prebatch.PreBatchToPayFromFFSPro@6a1aab78]" name="movePrebatchToPay" duration-ms="27599" started-at="2021-04-15T23:03:00 IST" finished-at="2021-04-15T23:03:27 IST">
          <exception class="java.lang.AssertionError">
            <message>
              <![CDATA[no such element: Unable to locate element: {"method":"xpath","selector":"(//table[@id='FFSApprovedQueTable'])[1]/tbody/tr[1]/td/div/input"}
  (Session info: chrome=90.0.4430.72)
For documentation on this error, please visit: https://www.seleniumhq.org/exceptions/no_such_element.html
Build info: version: '3.141.59', revision: 'e82be7d358', time: '2018-11-14T08:17:03'
System info: host: 'MIBLR-LP0015', ip: '10.212.134.170', os.name: 'Windows 10', os.arch: 'amd64', os.version: '10.0', java.version: '1.8.0_281'
Driver info: org.openqa.selenium.chrome.ChromeDriver
Capabilities {acceptInsecureCerts: false, browserName: chrome, browserVersion: 90.0.4430.72, chrome: {chromedriverVersion: 90.0.4430.24 (4c6d850f087da..., userDataDir: C:\Users\Saritha\AppData\Lo...}, goog:chromeOptions: {debuggerAddress: localhost:60687}, javascriptEnabled: true, networkConnectionEnabled: false, pageLoadStrategy: normal, platform: WINDOWS, platformName: WINDOWS, proxy: Proxy(), setWindowRect: true, strictFileInteractability: false, timeouts: {implicit: 0, pageLoad: 300000, script: 30000}, unhandledPromptBehavior: dismiss and notify, webauthn:extension:largeBlob: true, webauthn:virtualAuthenticators: true}
Session ID: 2f551293dbce8e514db91b7a7128c3cc
*** Element info: {Using=xpath, value=(//table[@id='FFSApprovedQueTable'])[1]/tbody/tr[1]/td/div/input}]]>
            </message>
            <full-stacktrace>
              <![CDATA[java.lang.AssertionError: no such element: Unable to locate element: {"method":"xpath","selector":"(//table[@id='FFSApprovedQueTable'])[1]/tbody/tr[1]/td/div/input"}
  (Session info: chrome=90.0.4430.72)
For documentation on this error, please visit: https://www.seleniumhq.org/exceptions/no_such_element.html
Build info: version: '3.141.59', revision: 'e82be7d358', time: '2018-11-14T08:17:03'
System info: host: 'MIBLR-LP0015', ip: '10.212.134.170', os.name: 'Windows 10', os.arch: 'amd64', os.version: '10.0', java.version: '1.8.0_281'
Driver info: org.openqa.selenium.chrome.ChromeDriver
Capabilities {acceptInsecureCerts: false, browserName: chrome, browserVersion: 90.0.4430.72, chrome: {chromedriverVersion: 90.0.4430.24 (4c6d850f087da..., userDataDir: C:\Users\Saritha\AppData\Lo...}, goog:chromeOptions: {debuggerAddress: localhost:60687}, javascriptEnabled: true, networkConnectionEnabled: false, pageLoadStrategy: normal, platform: WINDOWS, platformName: WINDOWS, proxy: Proxy(), setWindowRect: true, strictFileInteractability: false, timeouts: {implicit: 0, pageLoad: 300000, script: 30000}, unhandledPromptBehavior: dismiss and notify, webauthn:extension:largeBlob: true, webauthn:virtualAuthenticators: true}
Session ID: 2f551293dbce8e514db91b7a7128c3cc
*** Element info: {Using=xpath, value=(//table[@id='FFSApprovedQueTable'])[1]/tbody/tr[1]/td/div/input}
at org.testng.Assert.fail(Assert.java:99)
at com.adjudication.test.viewclaims.ffsprofessional.prebatch.PreBatchToPayFromFFSPro.movePrebatchToPay(PreBatchToPayFromFFSPro.java:111)
at sun.reflect.NativeMethodAccessorImpl.invoke0(Native Method)
at sun.reflect.NativeMethodAccessorImpl.invoke(NativeMethodAccessorImpl.java:62)
at sun.reflect.DelegatingMethodAccessorImpl.invoke(DelegatingMethodAccessorImpl.java:43)
at java.lang.reflect.Method.invoke(Method.java:498)
at org.testng.internal.MethodInvocationHelper.invokeMethod(MethodInvocationHelper.java:132)
at org.testng.internal.TestInvoker.invokeMethod(TestInvoker.java:599)
at org.testng.internal.TestInvoker.invokeTestMethod(TestInvoker.java:174)
at org.testng.internal.MethodRunner.runInSequence(MethodRunner.java:46)
at org.testng.internal.TestInvoker$MethodInvocationAgent.invoke(TestInvoker.java:822)
at org.testng.internal.TestInvoker.invokeTestMethods(TestInvoker.java:147)
at org.testng.internal.TestMethodWorker.invokeTestMethods(TestMethodWorker.java:146)
at org.testng.internal.TestMethodWorker.run(TestMethodWorker.java:128)
at java.util.concurrent.ThreadPoolExecutor.runWorker(ThreadPoolExecutor.java:1149)
at java.util.concurrent.ThreadPoolExecutor$Worker.run(ThreadPoolExecutor.java:624)
at java.lang.Thread.run(Thread.java:748)
]]>
            </full-stacktrace>
          </exception> <!-- java.lang.AssertionError -->
          <reporter-output>
          </reporter-output>
        </test-method> <!-- movePrebatchToPay -->
        <test-method status="PASS" signature="tearDown()[pri:0, instance:com.adjudication.test.viewclaims.ffsprofessional.prebatch.PreBatchToPayFromFFSPro@6a1aab78]" name="tearDown" is-config="true" duration-ms="1461" started-at="2021-04-15T23:03:28 IST" finished-at="2021-04-15T23:03:29 IST">
          <reporter-output>
          </reporter-output>
        </test-method> <!-- tearDown -->
      </class> <!-- com.adjudication.test.viewclaims.ffsprofessional.prebatch.PreBatchToPayFromFFSPro -->
      <class name="com.adjudication.test.viewclaims.ffsprofessional.prebatch.PreBatchToDeniedFromFFSPro">
        <test-method status="PASS" signature="beforeTest(java.lang.String)[pri:0, instance:com.adjudication.test.viewclaims.ffsprofessional.prebatch.PreBatchToDeniedFromFFSPro@757942a1]" name="beforeTest" is-config="true" duration-ms="11541" started-at="2021-04-15T23:04:13 IST" finished-at="2021-04-15T23:04:25 IST">
          <params>
            <param index="0">
              <value>
                <![CDATA[test]]>
              </value>
            </param>
          </params>
          <reporter-output>
          </reporter-output>
        </test-method> <!-- beforeTest -->
        <test-method status="PASS" signature="setUp()[pri:0, instance:com.adjudication.test.viewclaims.ffsprofessional.prebatch.PreBatchToDeniedFromFFSPro@757942a1]" name="setUp" is-config="true" duration-ms="69" started-at="2021-04-15T23:04:25 IST" finished-at="2021-04-15T23:04:25 IST">
          <reporter-output>
          </reporter-output>
        </test-method> <!-- setUp -->
        <test-method status="FAIL" signature="moveToDenyFromPrebatchNegTC()[pri:1, instance:com.adjudication.test.viewclaims.ffsprofessional.prebatch.PreBatchToDeniedFromFFSPro@757942a1]" name="moveToDenyFromPrebatchNegTC" duration-ms="74038" started-at="2021-04-15T23:04:25 IST" finished-at="2021-04-15T23:05:39 IST">
          <exception class="java.lang.AssertionError">
            <message>
              <![CDATA[Expected condition failed: waiting for presence of element located by: By.xpath: //table[@id='FFSApprovedQueTable']/thead/tr[2]/th (tried for 60 second(s) with 500 milliseconds interval)]]>
            </message>
            <full-stacktrace>
              <![CDATA[java.lang.AssertionError: Expected condition failed: waiting for presence of element located by: By.xpath: //table[@id='FFSApprovedQueTable']/thead/tr[2]/th (tried for 60 second(s) with 500 milliseconds interval)
at org.testng.Assert.fail(Assert.java:99)
at com.adjudication.test.viewclaims.ffsprofessional.prebatch.PreBatchToDeniedFromFFSPro.moveToDenyFromPrebatchNegTC(PreBatchToDeniedFromFFSPro.java:96)
at sun.reflect.NativeMethodAccessorImpl.invoke0(Native Method)
at sun.reflect.NativeMethodAccessorImpl.invoke(NativeMethodAccessorImpl.java:62)
at sun.reflect.DelegatingMethodAccessorImpl.invoke(DelegatingMethodAccessorImpl.java:43)
at java.lang.reflect.Method.invoke(Method.java:498)
at org.testng.internal.MethodInvocationHelper.invokeMethod(MethodInvocationHelper.java:132)
at org.testng.internal.TestInvoker.invokeMethod(TestInvoker.java:599)
at org.testng.internal.TestInvoker.invokeTestMethod(TestInvoker.java:174)
at org.testng.internal.MethodRunner.runInSequence(MethodRunner.java:46)
at org.testng.internal.TestInvoker$MethodInvocationAgent.invoke(TestInvoker.java:822)
at org.testng.internal.TestInvoker.invokeTestMethods(TestInvoker.java:147)
at org.testng.internal.TestMethodWorker.invokeTestMethods(TestMethodWorker.java:146)
at org.testng.internal.TestMethodWorker.run(TestMethodWorker.java:128)
at java.util.concurrent.ThreadPoolExecutor.runWorker(ThreadPoolExecutor.java:1149)
at java.util.concurrent.ThreadPoolExecutor$Worker.run(ThreadPoolExecutor.java:624)
at java.lang.Thread.run(Thread.java:748)
]]>
            </full-stacktrace>
          </exception> <!-- java.lang.AssertionError -->
          <reporter-output>
          </reporter-output>
        </test-method> <!-- moveToDenyFromPrebatchNegTC -->
        <test-method status="PASS" signature="beforeTest(java.lang.String)[pri:0, instance:com.adjudication.test.viewclaims.ffsprofessional.prebatch.PreBatchToDeniedFromFFSPro@757942a1]" name="beforeTest" is-config="true" duration-ms="6444" started-at="2021-04-15T23:04:34 IST" finished-at="2021-04-15T23:04:40 IST">
          <params>
            <param index="0">
              <value>
                <![CDATA[test]]>
              </value>
            </param>
          </params>
          <reporter-output>
          </reporter-output>
        </test-method> <!-- beforeTest -->
        <test-method status="PASS" signature="setUp()[pri:0, instance:com.adjudication.test.viewclaims.ffsprofessional.prebatch.PreBatchToDeniedFromFFSPro@757942a1]" name="setUp" is-config="true" duration-ms="52" started-at="2021-04-15T23:04:40 IST" finished-at="2021-04-15T23:04:40 IST">
          <reporter-output>
          </reporter-output>
        </test-method> <!-- setUp -->
        <test-method status="PASS" signature="moveToDenyFromPrebatchPositiveTC()[pri:2, instance:com.adjudication.test.viewclaims.ffsprofessional.prebatch.PreBatchToDeniedFromFFSPro@757942a1]" name="moveToDenyFromPrebatchPositiveTC" duration-ms="33672" started-at="2021-04-15T23:04:40 IST" finished-at="2021-04-15T23:05:14 IST">
          <reporter-output>
          </reporter-output>
        </test-method> <!-- moveToDenyFromPrebatchPositiveTC -->
        <test-method status="PASS" signature="tearDown()[pri:0, instance:com.adjudication.test.viewclaims.ffsprofessional.prebatch.PreBatchToDeniedFromFFSPro@757942a1]" name="tearDown" is-config="true" duration-ms="960" started-at="2021-04-15T23:05:14 IST" finished-at="2021-04-15T23:05:15 IST">
          <reporter-output>
          </reporter-output>
        </test-method> <!-- tearDown -->
        <test-method status="PASS" signature="tearDown()[pri:0, instance:com.adjudication.test.viewclaims.ffsprofessional.prebatch.PreBatchToDeniedFromFFSPro@757942a1]" name="tearDown" is-config="true" duration-ms="1026" started-at="2021-04-15T23:05:39 IST" finished-at="2021-04-15T23:05:40 IST">
          <reporter-output>
          </reporter-output>
        </test-method> <!-- tearDown -->
      </class> <!-- com.adjudication.test.viewclaims.ffsprofessional.prebatch.PreBatchToDeniedFromFFSPro -->
      <class name="com.adjudication.test.viewclaims.ffsprofessional.prebatch.PreBatchToPayerReviewFromFFSPro">
        <test-method status="PASS" signature="beforeTest(java.lang.String)[pri:0, instance:com.adjudication.test.viewclaims.ffsprofessional.prebatch.PreBatchToPayerReviewFromFFSPro@462d5aee]" name="beforeTest" is-config="true" duration-ms="12332" started-at="2021-04-15T23:02:42 IST" finished-at="2021-04-15T23:02:54 IST">
          <params>
            <param index="0">
              <value>
                <![CDATA[test]]>
              </value>
            </param>
          </params>
          <reporter-output>
          </reporter-output>
        </test-method> <!-- beforeTest -->
        <test-method status="PASS" signature="setUp()[pri:0, instance:com.adjudication.test.viewclaims.ffsprofessional.prebatch.PreBatchToPayerReviewFromFFSPro@462d5aee]" name="setUp" is-config="true" duration-ms="5973" started-at="2021-04-15T23:02:54 IST" finished-at="2021-04-15T23:03:00 IST">
          <reporter-output>
          </reporter-output>
        </test-method> <!-- setUp -->
        <test-method status="FAIL" signature="moveToApprovedFromPrebatchPositiveTC()[pri:1, instance:com.adjudication.test.viewclaims.ffsprofessional.prebatch.PreBatchToPayerReviewFromFFSPro@462d5aee]" name="moveToApprovedFromPrebatchPositiveTC" duration-ms="89066" started-at="2021-04-15T23:03:00 IST" finished-at="2021-04-15T23:04:29 IST">
          <exception class="java.lang.AssertionError">
            <message>
              <![CDATA[Expected condition failed: waiting for visibility of Proxy element for: DefaultElementLocator 'by id or name "viewIcon"' (tried for 60 second(s) with 500 milliseconds interval)]]>
            </message>
            <full-stacktrace>
              <![CDATA[java.lang.AssertionError: Expected condition failed: waiting for visibility of Proxy element for: DefaultElementLocator 'by id or name "viewIcon"' (tried for 60 second(s) with 500 milliseconds interval)
at org.testng.Assert.fail(Assert.java:99)
at com.adjudication.test.viewclaims.ffsprofessional.prebatch.PreBatchToPayerReviewFromFFSPro.moveToApprovedFromPrebatchPositiveTC(PreBatchToPayerReviewFromFFSPro.java:106)
at sun.reflect.NativeMethodAccessorImpl.invoke0(Native Method)
at sun.reflect.NativeMethodAccessorImpl.invoke(NativeMethodAccessorImpl.java:62)
at sun.reflect.DelegatingMethodAccessorImpl.invoke(DelegatingMethodAccessorImpl.java:43)
at java.lang.reflect.Method.invoke(Method.java:498)
at org.testng.internal.MethodInvocationHelper.invokeMethod(MethodInvocationHelper.java:132)
at org.testng.internal.TestInvoker.invokeMethod(TestInvoker.java:599)
at org.testng.internal.TestInvoker.invokeTestMethod(TestInvoker.java:174)
at org.testng.internal.MethodRunner.runInSequence(MethodRunner.java:46)
at org.testng.internal.TestInvoker$MethodInvocationAgent.invoke(TestInvoker.java:822)
at org.testng.internal.TestInvoker.invokeTestMethods(TestInvoker.java:147)
at org.testng.internal.TestMethodWorker.invokeTestMethods(TestMethodWorker.java:146)
at org.testng.internal.TestMethodWorker.run(TestMethodWorker.java:128)
at java.util.concurrent.ThreadPoolExecutor.runWorker(ThreadPoolExecutor.java:1149)
at java.util.concurrent.ThreadPoolExecutor$Worker.run(ThreadPoolExecutor.java:624)
at java.lang.Thread.run(Thread.java:748)
]]>
            </full-stacktrace>
          </exception> <!-- java.lang.AssertionError -->
          <reporter-output>
          </reporter-output>
        </test-method> <!-- moveToApprovedFromPrebatchPositiveTC -->
        <test-method status="PASS" signature="tearDown()[pri:0, instance:com.adjudication.test.viewclaims.ffsprofessional.prebatch.PreBatchToPayerReviewFromFFSPro@462d5aee]" name="tearDown" is-config="true" duration-ms="6820" started-at="2021-04-15T23:04:29 IST" finished-at="2021-04-15T23:04:36 IST">
          <reporter-output>
          </reporter-output>
        </test-method> <!-- tearDown -->
      </class> <!-- com.adjudication.test.viewclaims.ffsprofessional.prebatch.PreBatchToPayerReviewFromFFSPro -->
      <class name="com.adjudication.test.viewclaims.ffsprofessional.prebatch.PreBatchToMgmtReviewFromFFSPro">
        <test-method status="PASS" signature="beforeTest(java.lang.String)[pri:0, instance:com.adjudication.test.viewclaims.ffsprofessional.prebatch.PreBatchToMgmtReviewFromFFSPro@69b0fd6f]" name="beforeTest" is-config="true" duration-ms="12495" started-at="2021-04-15T23:02:42 IST" finished-at="2021-04-15T23:02:54 IST">
          <params>
            <param index="0">
              <value>
                <![CDATA[test]]>
              </value>
            </param>
          </params>
          <reporter-output>
          </reporter-output>
        </test-method> <!-- beforeTest -->
        <test-method status="PASS" signature="setUp()[pri:0, instance:com.adjudication.test.viewclaims.ffsprofessional.prebatch.PreBatchToMgmtReviewFromFFSPro@69b0fd6f]" name="setUp" is-config="true" duration-ms="5816" started-at="2021-04-15T23:02:54 IST" finished-at="2021-04-15T23:03:00 IST">
          <reporter-output>
          </reporter-output>
        </test-method> <!-- setUp -->
        <test-method status="FAIL" signature="moveToApprovedFromPrebatchPositiveTC()[pri:1, instance:com.adjudication.test.viewclaims.ffsprofessional.prebatch.PreBatchToMgmtReviewFromFFSPro@69b0fd6f]" name="moveToApprovedFromPrebatchPositiveTC" duration-ms="89063" started-at="2021-04-15T23:03:00 IST" finished-at="2021-04-15T23:04:29 IST">
          <exception class="java.lang.AssertionError">
            <message>
              <![CDATA[Expected condition failed: waiting for visibility of Proxy element for: DefaultElementLocator 'by id or name "viewIcon"' (tried for 60 second(s) with 500 milliseconds interval)]]>
            </message>
            <full-stacktrace>
              <![CDATA[java.lang.AssertionError: Expected condition failed: waiting for visibility of Proxy element for: DefaultElementLocator 'by id or name "viewIcon"' (tried for 60 second(s) with 500 milliseconds interval)
at org.testng.Assert.fail(Assert.java:99)
at com.adjudication.test.viewclaims.ffsprofessional.prebatch.PreBatchToMgmtReviewFromFFSPro.moveToApprovedFromPrebatchPositiveTC(PreBatchToMgmtReviewFromFFSPro.java:106)
at sun.reflect.NativeMethodAccessorImpl.invoke0(Native Method)
at sun.reflect.NativeMethodAccessorImpl.invoke(NativeMethodAccessorImpl.java:62)
at sun.reflect.DelegatingMethodAccessorImpl.invoke(DelegatingMethodAccessorImpl.java:43)
at java.lang.reflect.Method.invoke(Method.java:498)
at org.testng.internal.MethodInvocationHelper.invokeMethod(MethodInvocationHelper.java:132)
at org.testng.internal.TestInvoker.invokeMethod(TestInvoker.java:599)
at org.testng.internal.TestInvoker.invokeTestMethod(TestInvoker.java:174)
at org.testng.internal.MethodRunner.runInSequence(MethodRunner.java:46)
at org.testng.internal.TestInvoker$MethodInvocationAgent.invoke(TestInvoker.java:822)
at org.testng.internal.TestInvoker.invokeTestMethods(TestInvoker.java:147)
at org.testng.internal.TestMethodWorker.invokeTestMethods(TestMethodWorker.java:146)
at org.testng.internal.TestMethodWorker.run(TestMethodWorker.java:128)
at java.util.concurrent.ThreadPoolExecutor.runWorker(ThreadPoolExecutor.java:1149)
at java.util.concurrent.ThreadPoolExecutor$Worker.run(ThreadPoolExecutor.java:624)
at java.lang.Thread.run(Thread.java:748)
]]>
            </full-stacktrace>
          </exception> <!-- java.lang.AssertionError -->
          <reporter-output>
          </reporter-output>
        </test-method> <!-- moveToApprovedFromPrebatchPositiveTC -->
        <test-method status="PASS" signature="tearDown()[pri:0, instance:com.adjudication.test.viewclaims.ffsprofessional.prebatch.PreBatchToMgmtReviewFromFFSPro@69b0fd6f]" name="tearDown" is-config="true" duration-ms="3105" started-at="2021-04-15T23:04:29 IST" finished-at="2021-04-15T23:04:32 IST">
          <reporter-output>
          </reporter-output>
        </test-method> <!-- tearDown -->
      </class> <!-- com.adjudication.test.viewclaims.ffsprofessional.prebatch.PreBatchToMgmtReviewFromFFSPro -->
      <class name="com.adjudication.test.viewclaims.ffsprofessional.prebatch.PreBatchToPendFromFFSPro">
        <test-method status="PASS" signature="beforeTest(java.lang.String)[pri:0, instance:com.adjudication.test.viewclaims.ffsprofessional.prebatch.PreBatchToPendFromFFSPro@66d1af89]" name="beforeTest" is-config="true" duration-ms="16828" started-at="2021-04-15T23:03:29 IST" finished-at="2021-04-15T23:03:46 IST">
          <params>
            <param index="0">
              <value>
                <![CDATA[test]]>
              </value>
            </param>
          </params>
          <reporter-output>
          </reporter-output>
        </test-method> <!-- beforeTest -->
        <test-method status="PASS" signature="setUp()[pri:0, instance:com.adjudication.test.viewclaims.ffsprofessional.prebatch.PreBatchToPendFromFFSPro@66d1af89]" name="setUp" is-config="true" duration-ms="1303" started-at="2021-04-15T23:03:46 IST" finished-at="2021-04-15T23:03:48 IST">
          <reporter-output>
          </reporter-output>
        </test-method> <!-- setUp -->
        <test-method status="FAIL" signature="moveToApprovedFromPrebatchPositiveTC()[pri:1, instance:com.adjudication.test.viewclaims.ffsprofessional.prebatch.PreBatchToPendFromFFSPro@66d1af89]" name="moveToApprovedFromPrebatchPositiveTC" duration-ms="15339" started-at="2021-04-15T23:03:48 IST" finished-at="2021-04-15T23:04:03 IST">
          <exception class="java.lang.AssertionError">
            <message>
              <![CDATA[stale element reference: element is not attached to the page document
  (Session info: chrome=90.0.4430.72)
For documentation on this error, please visit: https://www.seleniumhq.org/exceptions/stale_element_reference.html
Build info: version: '3.141.59', revision: 'e82be7d358', time: '2018-11-14T08:17:03'
System info: host: 'MIBLR-LP0015', ip: '10.212.134.170', os.name: 'Windows 10', os.arch: 'amd64', os.version: '10.0', java.version: '1.8.0_281'
Driver info: org.openqa.selenium.chrome.ChromeDriver
Capabilities {acceptInsecureCerts: false, browserName: chrome, browserVersion: 90.0.4430.72, chrome: {chromedriverVersion: 90.0.4430.24 (4c6d850f087da..., userDataDir: C:\Users\Saritha\AppData\Lo...}, goog:chromeOptions: {debuggerAddress: localhost:60884}, javascriptEnabled: true, networkConnectionEnabled: false, pageLoadStrategy: normal, platform: WINDOWS, platformName: WINDOWS, proxy: Proxy(), setWindowRect: true, strictFileInteractability: false, timeouts: {implicit: 0, pageLoad: 300000, script: 30000}, unhandledPromptBehavior: dismiss and notify, webauthn:extension:largeBlob: true, webauthn:virtualAuthenticators: true}
Session ID: 0cf591a71d611457cf5bd105525a9330]]>
            </message>
            <full-stacktrace>
              <![CDATA[java.lang.AssertionError: stale element reference: element is not attached to the page document
  (Session info: chrome=90.0.4430.72)
For documentation on this error, please visit: https://www.seleniumhq.org/exceptions/stale_element_reference.html
Build info: version: '3.141.59', revision: 'e82be7d358', time: '2018-11-14T08:17:03'
System info: host: 'MIBLR-LP0015', ip: '10.212.134.170', os.name: 'Windows 10', os.arch: 'amd64', os.version: '10.0', java.version: '1.8.0_281'
Driver info: org.openqa.selenium.chrome.ChromeDriver
Capabilities {acceptInsecureCerts: false, browserName: chrome, browserVersion: 90.0.4430.72, chrome: {chromedriverVersion: 90.0.4430.24 (4c6d850f087da..., userDataDir: C:\Users\Saritha\AppData\Lo...}, goog:chromeOptions: {debuggerAddress: localhost:60884}, javascriptEnabled: true, networkConnectionEnabled: false, pageLoadStrategy: normal, platform: WINDOWS, platformName: WINDOWS, proxy: Proxy(), setWindowRect: true, strictFileInteractability: false, timeouts: {implicit: 0, pageLoad: 300000, script: 30000}, unhandledPromptBehavior: dismiss and notify, webauthn:extension:largeBlob: true, webauthn:virtualAuthenticators: true}
Session ID: 0cf591a71d611457cf5bd105525a9330
at org.testng.Assert.fail(Assert.java:99)
at com.adjudication.test.viewclaims.ffsprofessional.prebatch.PreBatchToPendFromFFSPro.moveToApprovedFromPrebatchPositiveTC(PreBatchToPendFromFFSPro.java:106)
at sun.reflect.NativeMethodAccessorImpl.invoke0(Native Method)
at sun.reflect.NativeMethodAccessorImpl.invoke(NativeMethodAccessorImpl.java:62)
at sun.reflect.DelegatingMethodAccessorImpl.invoke(DelegatingMethodAccessorImpl.java:43)
at java.lang.reflect.Method.invoke(Method.java:498)
at org.testng.internal.MethodInvocationHelper.invokeMethod(MethodInvocationHelper.java:132)
at org.testng.internal.TestInvoker.invokeMethod(TestInvoker.java:599)
at org.testng.internal.TestInvoker.invokeTestMethod(TestInvoker.java:174)
at org.testng.internal.MethodRunner.runInSequence(MethodRunner.java:46)
at org.testng.internal.TestInvoker$MethodInvocationAgent.invoke(TestInvoker.java:822)
at org.testng.internal.TestInvoker.invokeTestMethods(TestInvoker.java:147)
at org.testng.internal.TestMethodWorker.invokeTestMethods(TestMethodWorker.java:146)
at org.testng.internal.TestMethodWorker.run(TestMethodWorker.java:128)
at java.util.concurrent.ThreadPoolExecutor.runWorker(ThreadPoolExecutor.java:1149)
at java.util.concurrent.ThreadPoolExecutor$Worker.run(ThreadPoolExecutor.java:624)
at java.lang.Thread.run(Thread.java:748)
]]>
            </full-stacktrace>
          </exception> <!-- java.lang.AssertionError -->
          <reporter-output>
          </reporter-output>
        </test-method> <!-- moveToApprovedFromPrebatchPositiveTC -->
        <test-method status="PASS" signature="tearDown()[pri:0, instance:com.adjudication.test.viewclaims.ffsprofessional.prebatch.PreBatchToPendFromFFSPro@66d1af89]" name="tearDown" is-config="true" duration-ms="10097" started-at="2021-04-15T23:04:03 IST" finished-at="2021-04-15T23:04:13 IST">
          <reporter-output>
          </reporter-output>
        </test-method> <!-- tearDown -->
      </class> <!-- com.adjudication.test.viewclaims.ffsprofessional.prebatch.PreBatchToPendFromFFSPro -->
      <class name="com.adjudication.test.viewclaims.ffsprofessional.prebatch.PreBatchToApprovedFromFFSPro">
        <test-method status="PASS" signature="beforeTest(java.lang.String)[pri:0, instance:com.adjudication.test.viewclaims.ffsprofessional.prebatch.PreBatchToApprovedFromFFSPro@4a87761d]" name="beforeTest" is-config="true" duration-ms="12333" started-at="2021-04-15T23:02:42 IST" finished-at="2021-04-15T23:02:54 IST">
          <params>
            <param index="0">
              <value>
                <![CDATA[test]]>
              </value>
            </param>
          </params>
          <reporter-output>
          </reporter-output>
        </test-method> <!-- beforeTest -->
        <test-method status="PASS" signature="setUp()[pri:0, instance:com.adjudication.test.viewclaims.ffsprofessional.prebatch.PreBatchToApprovedFromFFSPro@4a87761d]" name="setUp" is-config="true" duration-ms="5976" started-at="2021-04-15T23:02:54 IST" finished-at="2021-04-15T23:03:00 IST">
          <reporter-output>
          </reporter-output>
        </test-method> <!-- setUp -->
        <test-method status="FAIL" signature="moveToApprovedFromPrebatchNegTC()[pri:1, instance:com.adjudication.test.viewclaims.ffsprofessional.prebatch.PreBatchToApprovedFromFFSPro@4a87761d]" name="moveToApprovedFromPrebatchNegTC" duration-ms="89072" started-at="2021-04-15T23:03:00 IST" finished-at="2021-04-15T23:04:29 IST">
          <exception class="java.lang.AssertionError">
            <message>
              <![CDATA[Expected condition failed: waiting for visibility of Proxy element for: DefaultElementLocator 'by id or name "viewIcon"' (tried for 60 second(s) with 500 milliseconds interval)]]>
            </message>
            <full-stacktrace>
              <![CDATA[java.lang.AssertionError: Expected condition failed: waiting for visibility of Proxy element for: DefaultElementLocator 'by id or name "viewIcon"' (tried for 60 second(s) with 500 milliseconds interval)
at org.testng.Assert.fail(Assert.java:99)
at com.adjudication.test.viewclaims.ffsprofessional.prebatch.PreBatchToApprovedFromFFSPro.moveToApprovedFromPrebatchNegTC(PreBatchToApprovedFromFFSPro.java:99)
at sun.reflect.NativeMethodAccessorImpl.invoke0(Native Method)
at sun.reflect.NativeMethodAccessorImpl.invoke(NativeMethodAccessorImpl.java:62)
at sun.reflect.DelegatingMethodAccessorImpl.invoke(DelegatingMethodAccessorImpl.java:43)
at java.lang.reflect.Method.invoke(Method.java:498)
at org.testng.internal.MethodInvocationHelper.invokeMethod(MethodInvocationHelper.java:132)
at org.testng.internal.TestInvoker.invokeMethod(TestInvoker.java:599)
at org.testng.internal.TestInvoker.invokeTestMethod(TestInvoker.java:174)
at org.testng.internal.MethodRunner.runInSequence(MethodRunner.java:46)
at org.testng.internal.TestInvoker$MethodInvocationAgent.invoke(TestInvoker.java:822)
at org.testng.internal.TestInvoker.invokeTestMethods(TestInvoker.java:147)
at org.testng.internal.TestMethodWorker.invokeTestMethods(TestMethodWorker.java:146)
at org.testng.internal.TestMethodWorker.run(TestMethodWorker.java:128)
at java.util.concurrent.ThreadPoolExecutor.runWorker(ThreadPoolExecutor.java:1149)
at java.util.concurrent.ThreadPoolExecutor$Worker.run(ThreadPoolExecutor.java:624)
at java.lang.Thread.run(Thread.java:748)
]]>
            </full-stacktrace>
          </exception> <!-- java.lang.AssertionError -->
          <reporter-output>
          </reporter-output>
        </test-method> <!-- moveToApprovedFromPrebatchNegTC -->
        <test-method status="PASS" signature="tearDown()[pri:0, instance:com.adjudication.test.viewclaims.ffsprofessional.prebatch.PreBatchToApprovedFromFFSPro@4a87761d]" name="tearDown" is-config="true" duration-ms="4931" started-at="2021-04-15T23:04:29 IST" finished-at="2021-04-15T23:04:34 IST">
          <reporter-output>
          </reporter-output>
        </test-method> <!-- tearDown -->
        <test-method status="PASS" signature="beforeTest(java.lang.String)[pri:0, instance:com.adjudication.test.viewclaims.ffsprofessional.prebatch.PreBatchToApprovedFromFFSPro@4a87761d]" name="beforeTest" is-config="true" duration-ms="6791" started-at="2021-04-15T23:04:32 IST" finished-at="2021-04-15T23:04:39 IST">
          <params>
            <param index="0">
              <value>
                <![CDATA[test]]>
              </value>
            </param>
          </params>
          <reporter-output>
          </reporter-output>
        </test-method> <!-- beforeTest -->
        <test-method status="PASS" signature="setUp()[pri:0, instance:com.adjudication.test.viewclaims.ffsprofessional.prebatch.PreBatchToApprovedFromFFSPro@4a87761d]" name="setUp" is-config="true" duration-ms="129" started-at="2021-04-15T23:04:39 IST" finished-at="2021-04-15T23:04:39 IST">
          <reporter-output>
          </reporter-output>
        </test-method> <!-- setUp -->
        <test-method status="FAIL" signature="moveToApprovedFromPrebatchPositiveTC()[pri:2, instance:com.adjudication.test.viewclaims.ffsprofessional.prebatch.PreBatchToApprovedFromFFSPro@4a87761d]" name="moveToApprovedFromPrebatchPositiveTC" duration-ms="75522" started-at="2021-04-15T23:04:39 IST" finished-at="2021-04-15T23:05:55 IST">
          <exception class="java.lang.AssertionError">
            <message>
              <![CDATA[Expected condition failed: waiting for visibility of Proxy element for: DefaultElementLocator 'by id or name "viewIcon"' (tried for 60 second(s) with 500 milliseconds interval)]]>
            </message>
            <full-stacktrace>
              <![CDATA[java.lang.AssertionError: Expected condition failed: waiting for visibility of Proxy element for: DefaultElementLocator 'by id or name "viewIcon"' (tried for 60 second(s) with 500 milliseconds interval)
at org.testng.Assert.fail(Assert.java:99)
at com.adjudication.test.viewclaims.ffsprofessional.prebatch.PreBatchToApprovedFromFFSPro.moveToApprovedFromPrebatchPositiveTC(PreBatchToApprovedFromFFSPro.java:119)
at sun.reflect.NativeMethodAccessorImpl.invoke0(Native Method)
at sun.reflect.NativeMethodAccessorImpl.invoke(NativeMethodAccessorImpl.java:62)
at sun.reflect.DelegatingMethodAccessorImpl.invoke(DelegatingMethodAccessorImpl.java:43)
at java.lang.reflect.Method.invoke(Method.java:498)
at org.testng.internal.MethodInvocationHelper.invokeMethod(MethodInvocationHelper.java:132)
at org.testng.internal.TestInvoker.invokeMethod(TestInvoker.java:599)
at org.testng.internal.TestInvoker.invokeTestMethod(TestInvoker.java:174)
at org.testng.internal.MethodRunner.runInSequence(MethodRunner.java:46)
at org.testng.internal.TestInvoker$MethodInvocationAgent.invoke(TestInvoker.java:822)
at org.testng.internal.TestInvoker.invokeTestMethods(TestInvoker.java:147)
at org.testng.internal.TestMethodWorker.invokeTestMethods(TestMethodWorker.java:146)
at org.testng.internal.TestMethodWorker.run(TestMethodWorker.java:128)
at java.util.concurrent.ThreadPoolExecutor.runWorker(ThreadPoolExecutor.java:1149)
at java.util.concurrent.ThreadPoolExecutor$Worker.run(ThreadPoolExecutor.java:624)
at java.lang.Thread.run(Thread.java:748)
]]>
            </full-stacktrace>
          </exception> <!-- java.lang.AssertionError -->
          <reporter-output>
          </reporter-output>
        </test-method> <!-- moveToApprovedFromPrebatchPositiveTC -->
        <test-method status="PASS" signature="tearDown()[pri:0, instance:com.adjudication.test.viewclaims.ffsprofessional.prebatch.PreBatchToApprovedFromFFSPro@4a87761d]" name="tearDown" is-config="true" duration-ms="1099" started-at="2021-04-15T23:05:55 IST" finished-at="2021-04-15T23:05:56 IST">
          <reporter-output>
          </reporter-output>
        </test-method> <!-- tearDown -->
      </class> <!-- com.adjudication.test.viewclaims.ffsprofessional.prebatch.PreBatchToApprovedFromFFSPro -->
    </test> <!-- FFSInstiBatchTopaySingedOFF -->
  </suite> <!-- Smoke Test Suite -->
</testng-results>
