<?xml version="1.0" encoding="UTF-8"?>
<!-- Generated by org.testng.reporters.JUnitReportReporter -->
<testsuite skipped="0" hostname="MIBLR-LP0015" name="com.adjudication.test.globalsearch.GlobalSearchSortingTest" tests="1" failures="1" timestamp="2021-03-06T10:43:18 IST" time="16.061" errors="0">
  <testcase name="gridAscSortInGlobalSearch" time="16.061" classname="com.adjudication.test.globalsearch.GlobalSearchSortingTest">
    <failure type="java.lang.AssertionError" message="element click intercepted: Element &lt;a class=&quot;expand_click  tab-navigation pointer&quot; data-tab-action=&quot;GlobalSearch&quot; data-tab-title=&quot;Global Search&quot; data-tab-path=&quot;/Adjudication/GlobalSearch/Index&quot; data-tab-container=&quot;fullBodyContainer&quot; data-tab-moveright=&quot;&quot; data-tab-autoflush=&quot;false&quot;&gt;...&lt;/a&gt; is not clickable at point (128, 135). Other element would receive the click: &lt;div id=&quot;menu-container&quot; class=&quot;menu_container&quot; style=&quot;height: 481px; width: 231px;&quot;&gt;...&lt;/div&gt;
  (Session info: chrome=88.0.4324.190)
Build info: version: &#039;3.141.59&#039;, revision: &#039;e82be7d358&#039;, time: &#039;2018-11-14T08:17:03&#039;
System info: host: &#039;MIBLR-LP0015&#039;, ip: &#039;10.212.134.151&#039;, os.name: &#039;Windows 10&#039;, os.arch: &#039;amd64&#039;, os.version: &#039;10.0&#039;, java.version: &#039;1.8.0_281&#039;
Driver info: org.openqa.selenium.chrome.ChromeDriver
Capabilities {acceptInsecureCerts: false, browserName: chrome, browserVersion: 88.0.4324.190, chrome: {chromedriverVersion: 88.0.4324.96 (68dba2d8a0b14..., userDataDir: C:\Users\Saritha\AppData\Lo...}, goog:chromeOptions: {debuggerAddress: localhost:53626}, javascriptEnabled: true, networkConnectionEnabled: false, pageLoadStrategy: normal, platform: WINDOWS, platformName: WINDOWS, proxy: Proxy(), setWindowRect: true, strictFileInteractability: false, timeouts: {implicit: 0, pageLoad: 300000, script: 30000}, unhandledPromptBehavior: dismiss and notify, webauthn:extension:largeBlob: true, webauthn:virtualAuthenticators: true}
Session ID: b0029462c64547bd79fc2c1139c73b45">
      <![CDATA[java.lang.AssertionError: element click intercepted: Element <a class="expand_click  tab-navigation pointer" data-tab-action="GlobalSearch" data-tab-title="Global Search" data-tab-path="/Adjudication/GlobalSearch/Index" data-tab-container="fullBodyContainer" data-tab-moveright="" data-tab-autoflush="false">...</a> is not clickable at point (128, 135). Other element would receive the click: <div id="menu-container" class="menu_container" style="height: 481px; width: 231px;">...</div>
  (Session info: chrome=88.0.4324.190)
Build info: version: '3.141.59', revision: 'e82be7d358', time: '2018-11-14T08:17:03'
System info: host: 'MIBLR-LP0015', ip: '10.212.134.151', os.name: 'Windows 10', os.arch: 'amd64', os.version: '10.0', java.version: '1.8.0_281'
Driver info: org.openqa.selenium.chrome.ChromeDriver
Capabilities {acceptInsecureCerts: false, browserName: chrome, browserVersion: 88.0.4324.190, chrome: {chromedriverVersion: 88.0.4324.96 (68dba2d8a0b14..., userDataDir: C:\Users\Saritha\AppData\Lo...}, goog:chromeOptions: {debuggerAddress: localhost:53626}, javascriptEnabled: true, networkConnectionEnabled: false, pageLoadStrategy: normal, platform: WINDOWS, platformName: WINDOWS, proxy: Proxy(), setWindowRect: true, strictFileInteractability: false, timeouts: {implicit: 0, pageLoad: 300000, script: 30000}, unhandledPromptBehavior: dismiss and notify, webauthn:extension:largeBlob: true, webauthn:virtualAuthenticators: true}
Session ID: b0029462c64547bd79fc2c1139c73b45
at org.testng.Assert.fail(Assert.java:99)
at com.adjudication.test.globalsearch.GlobalSearchSortingTest.gridAscSortInGlobalSearch(GlobalSearchSortingTest.java:101)
at sun.reflect.NativeMethodAccessorImpl.invoke0(Native Method)
at sun.reflect.NativeMethodAccessorImpl.invoke(NativeMethodAccessorImpl.java:62)
at sun.reflect.DelegatingMethodAccessorImpl.invoke(DelegatingMethodAccessorImpl.java:43)
at java.lang.reflect.Method.invoke(Method.java:498)
at org.testng.internal.MethodInvocationHelper.invokeMethod(MethodInvocationHelper.java:132)
at org.testng.internal.TestInvoker.invokeMethod(TestInvoker.java:599)
at org.testng.internal.TestInvoker.invokeTestMethod(TestInvoker.java:174)
at org.testng.internal.MethodRunner.runInSequence(MethodRunner.java:46)
at org.testng.internal.TestInvoker$MethodInvocationAgent.invoke(TestInvoker.java:822)
at org.testng.internal.TestInvoker.invokeTestMethods(TestInvoker.java:147)
at org.testng.internal.TestMethodWorker.invokeTestMethods(TestMethodWorker.java:146)
at org.testng.internal.TestMethodWorker.run(TestMethodWorker.java:128)
at java.util.ArrayList.forEach(ArrayList.java:1259)
at org.testng.TestRunner.privateRun(TestRunner.java:764)
at org.testng.TestRunner.run(TestRunner.java:585)
at org.testng.SuiteRunner.runTest(SuiteRunner.java:384)
at org.testng.SuiteRunner.access$000(SuiteRunner.java:28)
at org.testng.SuiteRunner$SuiteWorker.run(SuiteRunner.java:425)
at org.testng.internal.thread.ThreadUtil.lambda$execute$0(ThreadUtil.java:66)
at java.util.concurrent.FutureTask.run(FutureTask.java:266)
at java.util.concurrent.ThreadPoolExecutor.runWorker(ThreadPoolExecutor.java:1149)
at java.util.concurrent.ThreadPoolExecutor$Worker.run(ThreadPoolExecutor.java:624)
at java.lang.Thread.run(Thread.java:748)
]]>
    </failure>
  </testcase> <!-- gridAscSortInGlobalSearch -->
  <system-out/>
</testsuite> <!-- com.adjudication.test.globalsearch.GlobalSearchSortingTest -->
